<?xml version="1.0" encoding="UTF-8"?>
<!-- Generated by org.testng.reporters.JUnitReportReporter -->
<testsuite hostname="DESKTOP-TDGDFPV" failures="0" tests="4" name="tests.ValidateAllHomePageLinks" time="10.223" errors="0" timestamp="2022-05-29T17:50:50 IST" skipped="0">
  <testcase classname="tests.ValidateAllHomePageLinks" name="checkPatientloginPage" time="4.720"/>
  <system-out/>
  <testcase classname="tests.ValidateAllHomePageLinks" name="checkAdminLogin" time="2.870"/>
  <system-out/>
  <testcase classname="tests.ValidateAllHomePageLinks" name="checkDoctorLogin" time="1.973"/>
  <system-out/>
  <testcase classname="tests.ValidateAllHomePageLinks" name="checkContactUs" time="0.660"/>
  <system-out/>
</testsuite> <!-- tests.ValidateAllHomePageLinks -->
