<?xml version="1.0" encoding="UTF-8"?>
<!-- Generated by org.testng.reporters.JUnitReportReporter -->
<testsuite hostname="DESKTOP-TDGDFPV" failures="0" tests="1" name="tests.TC_Contact_ErrorMsg" time="13.844" errors="0" timestamp="2022-05-29T18:11:37 IST" skipped="0">
  <testcase classname="tests.TC_Contact_ErrorMsg" name="contactPage" time="13.844"/>
  <system-out/>
</testsuite> <!-- tests.TC_Contact_ErrorMsg -->
